<?xml version="1.0" encoding="UTF-8"?>
<!-- Generated by org.testng.reporters.JUnitReportReporter -->
<testsuite hostname="nblap283" failures="0" tests="1" name="com.test.maven.LearnMavan.ErrorValidationsTest" time="41.770" errors="0" timestamp="2023-01-24T17:57:04 IST" skipped="0">
  <testcase classname="com.test.maven.LearnMavan.ErrorValidationsTest" name="sumbitOrder" time="41.770"/>
  <system-out/>
</testsuite> <!-- com.test.maven.LearnMavan.ErrorValidationsTest -->
