<?xml version="1.0" encoding="UTF-8"?>
<!-- Generated by org.testng.reporters.JUnitReportReporter -->
<testsuite hostname="nblap283" failures="0" tests="4" name="com.test.maven.LearnMavan.StreamsTest" time="0.021" errors="0" timestamp="2023-01-18T15:49:15 IST" skipped="0">
  <testcase classname="com.test.maven.LearnMavan.StreamsTest" name="getNames" time="0.002"/>
  <system-out/>
  <testcase classname="com.test.maven.LearnMavan.StreamsTest" name="displayNames" time="0.008"/>
  <system-out/>
  <testcase classname="com.test.maven.LearnMavan.StreamsTest" name="streamMap" time="0.007"/>
  <system-out/>
  <testcase classname="com.test.maven.LearnMavan.StreamsTest" name="streamCollect" time="0.004"/>
  <system-out/>
</testsuite> <!-- com.test.maven.LearnMavan.StreamsTest -->
