<?xml version="1.0" encoding="UTF-8"?>
<!-- Generated by org.testng.reporters.JUnitReportReporter -->
<testsuite hostname="nblap283" failures="0" tests="1" name="com.tests.ErrorValidationsTest" time="26.652" errors="0" timestamp="2023-06-12T11:45:43 IST" skipped="0">
  <testcase classname="com.tests.ErrorValidationsTest" name="sumbitOrder" time="26.652"/>
  <system-out/>
</testsuite> <!-- com.tests.ErrorValidationsTest -->
