<?xml version="1.0" encoding="UTF-8"?>
<!-- Generated by org.testng.reporters.JUnitReportReporter -->
<testsuite hostname="nblap283" failures="0" tests="3" name="com.tests.SubmitOrderTest" time="106.259" errors="0" timestamp="2023-06-12T11:45:43 IST" skipped="0">
  <testcase classname="com.tests.SubmitOrderTest" name="orderHistory" time="30.297"/>
  <system-out/>
  <testcase classname="com.tests.SubmitOrderTest" name="sumbitOrder" time="37.350"/>
  <system-out/>
  <testcase classname="com.tests.SubmitOrderTest" name="sumbitOrder" time="38.612"/>
  <system-out/>
</testsuite> <!-- com.tests.SubmitOrderTest -->
