<?xml version="1.0" encoding="UTF-8"?>
<!-- Generated by org.testng.reporters.JUnitReportReporter -->
<testsuite hostname="nblap283" failures="0" tests="1" name="cucumber.TestNGTestRunner" time="17.124" errors="0" timestamp="2023-06-14T10:50:15 IST" skipped="0">
  <testcase classname="cucumber.TestNGTestRunner" name="runScenario" time="17.124"/>
  <system-out/>
</testsuite> <!-- cucumber.TestNGTestRunner -->
