<?xml version="1.0" encoding="UTF-8"?>
<!-- Generated by org.testng.reporters.JUnitReportReporter -->
<testsuite hostname="nblap283" failures="0" tests="3" name="com.tests.SubmitOrderTest" time="125.749" errors="0" timestamp="2023-06-09T11:01:13 IST" skipped="0">
  <testcase classname="com.tests.SubmitOrderTest" name="sumbitOrder" time="44.091"/>
  <system-out/>
  <testcase classname="com.tests.SubmitOrderTest" name="sumbitOrder" time="42.061"/>
  <system-out/>
  <testcase classname="com.tests.SubmitOrderTest" name="orderHistory" time="39.597"/>
  <system-out/>
</testsuite> <!-- com.tests.SubmitOrderTest -->
