<?xml version="1.0" encoding="UTF-8"?>
<!-- Generated by org.testng.reporters.JUnitReportReporter -->
<testsuite hostname="nblap283" failures="0" tests="3" name="com.tests.SubmitOrderTest" time="102.029" errors="0" timestamp="2023-06-12T11:37:44 IST" skipped="0">
  <testcase classname="com.tests.SubmitOrderTest" name="sumbitOrder" time="36.920"/>
  <system-out/>
  <testcase classname="com.tests.SubmitOrderTest" name="sumbitOrder" time="36.257"/>
  <system-out/>
  <testcase classname="com.tests.SubmitOrderTest" name="orderHistory" time="28.852"/>
  <system-out/>
</testsuite> <!-- com.tests.SubmitOrderTest -->
