<?xml version="1.0" encoding="UTF-8"?>
<!-- Generated by org.testng.reporters.JUnitReportReporter -->
<testsuite hostname="nblap283" failures="0" tests="3" name="com.tests.SubmitOrderTest" time="99.457" errors="0" timestamp="2023-06-12T17:32:17 IST" skipped="0">
  <testcase classname="com.tests.SubmitOrderTest" name="orderHistory" time="30.376"/>
  <system-out/>
  <testcase classname="com.tests.SubmitOrderTest" name="sumbitOrder" time="34.730"/>
  <system-out/>
  <testcase classname="com.tests.SubmitOrderTest" name="sumbitOrder" time="34.351"/>
  <system-out/>
</testsuite> <!-- com.tests.SubmitOrderTest -->
