<?xml version="1.0" encoding="UTF-8"?>
<!-- Generated by org.testng.reporters.JUnitReportReporter -->
<testsuite hostname="nblap283" failures="0" tests="1" name="com.tests.ErrorValidationsTest" time="30.707" errors="0" timestamp="2023-06-12T10:49:21 IST" skipped="0">
  <testcase classname="com.tests.ErrorValidationsTest" name="sumbitOrder" time="30.707"/>
  <system-out/>
</testsuite> <!-- com.tests.ErrorValidationsTest -->
