<?xml version="1.0" encoding="UTF-8"?>
<!-- Generated by org.testng.reporters.JUnitReportReporter -->
<testsuite hostname="nblap283" failures="0" tests="1" name="com.test.maven.LearnMavan.StreamsTest" time="0.005" errors="0" timestamp="2023-06-12T17:32:17 IST" skipped="0">
  <testcase classname="com.test.maven.LearnMavan.StreamsTest" name="displayNames" time="0.005"/>
  <system-out/>
</testsuite> <!-- com.test.maven.LearnMavan.StreamsTest -->
