<?xml version="1.0" encoding="UTF-8"?>
<!-- Generated by org.testng.reporters.JUnitReportReporter -->
<testsuite hostname="nblap283" failures="0" tests="3" name="com.tests.SubmitOrderTest" time="99.898" errors="0" timestamp="2023-06-12T10:49:21 IST" skipped="0">
  <testcase classname="com.tests.SubmitOrderTest" name="sumbitOrder" time="33.637"/>
  <system-out/>
  <testcase classname="com.tests.SubmitOrderTest" name="orderHistory" time="28.445"/>
  <system-out/>
  <testcase classname="com.tests.SubmitOrderTest" name="sumbitOrder" time="37.816"/>
  <system-out/>
</testsuite> <!-- com.tests.SubmitOrderTest -->
